# JRE version: Java(TM) SE Runtime Environment (7.0_72-b14) (build 1.7.0_72-b14)
# Java VM: Java HotSpot(TM) 64-Bit Server VM (24.72-b04 mixed mode linux-amd64 compressed oops)
Heap
 PSYoungGen      total 796672K, used 32K [0x00000007a8a80000, 0x00000007da680000, 0x0000000800000000)
  eden space 778240K, 0% used [0x00000007a8a80000,0x00000007a8a80000,0x00000007d8280000)
  from space 18432K, 0% used [0x00000007d8280000,0x00000007d8288000,0x00000007d9480000)
  to   space 18432K, 0% used [0x00000007d9480000,0x00000007d9480000,0x00000007da680000)
 ParOldGen       total 257024K, used 18306K [0x00000006fa000000, 0x0000000709b00000, 0x00000007a8a80000)
  object space 257024K, 7% used [0x00000006fa000000,0x00000006fb1e0b38,0x0000000709b00000)
 PSPermGen       total 21504K, used 5079K [0x00000006f4e00000, 0x00000006f6300000, 0x00000006fa000000)
  object space 21504K, 23% used [0x00000006f4e00000,0x00000006f52f5da0,0x00000006f6300000)
GC Heap History (10 events):
Event: 4.221 GC heap after
Heap after GC invocations=2 (full 0):
 PSYoungGen      total 210432K, used 15841K [0x00000007a8a80000, 0x00000007b6780000, 0x0000000800000000)
  eden space 194560K, 0% used [0x00000007a8a80000,0x00000007a8a80000,0x00000007b4880000)
  from space 15872K, 99% used [0x00000007b5800000,0x00000007b67786d0,0x00000007b6780000)
  to   space 15872K, 0% used [0x00000007b4880000,0x00000007b4880000,0x00000007b5800000)
 ParOldGen       total 257024K, used 2460K [0x00000006fa000000, 0x0000000709b00000, 0x00000007a8a80000)
  object space 257024K, 0% used [0x00000006fa000000,0x00000006fa2673f8,0x0000000709b00000)
 PSPermGen       total 21504K, used 5078K [0x00000006f4e00000, 0x00000006f6300000, 0x00000006fa000000)
  object space 21504K, 23% used [0x00000006f4e00000,0x00000006f52f5b78,0x00000006f6300000)
}
Event: 4.743 GC heap before
{Heap before GC invocations=3 (full 0):
 PSYoungGen      total 210432K, used 210401K [0x00000007a8a80000, 0x00000007b6780000, 0x0000000800000000)
  eden space 194560K, 100% used [0x00000007a8a80000,0x00000007b4880000,0x00000007b4880000)
  from space 15872K, 99% used [0x00000007b5800000,0x00000007b67786d0,0x00000007b6780000)
  to   space 15872K, 0% used [0x00000007b4880000,0x00000007b4880000,0x00000007b5800000)
 ParOldGen       total 257024K, used 2460K [0x00000006fa000000, 0x0000000709b00000, 0x00000007a8a80000)
  object space 257024K, 0% used [0x00000006fa000000,0x00000006fa2673f8,0x0000000709b00000)
 PSPermGen       total 21504K, used 5079K [0x00000006f4e00000, 0x00000006f6300000, 0x00000006fa000000)
  object space 21504K, 23% used [0x00000006f4e00000,0x00000006f52f5cf8,0x00000006f6300000)
Event: 4.975 GC heap after
Heap after GC invocations=3 (full 0):
 PSYoungGen      total 210432K, used 15841K [0x00000007a8a80000, 0x00000007c2580000, 0x0000000800000000)
  eden space 194560K, 0% used [0x00000007a8a80000,0x00000007a8a80000,0x00000007b4880000)
  from space 15872K, 99% used [0x00000007b4880000,0x00000007b57f86d0,0x00000007b5800000)
  to   space 15872K, 0% used [0x00000007c1600000,0x00000007c1600000,0x00000007c2580000)
 ParOldGen       total 257024K, used 2468K [0x00000006fa000000, 0x0000000709b00000, 0x00000007a8a80000)
  object space 257024K, 0% used [0x00000006fa000000,0x00000006fa2693f8,0x0000000709b00000)
 PSPermGen       total 21504K, used 5079K [0x00000006f4e00000, 0x00000006f6300000, 0x00000006fa000000)
  object space 21504K, 23% used [0x00000006f4e00000,0x00000006f52f5cf8,0x00000006f6300000)
}
Event: 5.194 GC heap before
{Heap before GC invocations=4 (full 0):
 PSYoungGen      total 210432K, used 210401K [0x00000007a8a80000, 0x00000007c2580000, 0x0000000800000000)
  eden space 194560K, 100% used [0x00000007a8a80000,0x00000007b4880000,0x00000007b4880000)
  from space 15872K, 99% used [0x00000007b4880000,0x00000007b57f86d0,0x00000007b5800000)
  to   space 15872K, 0% used [0x00000007c1600000,0x00000007c1600000,0x00000007c2580000)
 ParOldGen       total 257024K, used 2468K [0x00000006fa000000, 0x0000000709b00000, 0x00000007a8a80000)
  object space 257024K, 0% used [0x00000006fa000000,0x00000006fa2693f8,0x0000000709b00000)
 PSPermGen       total 21504K, used 5079K [0x00000006f4e00000, 0x00000006f6300000, 0x00000006fa000000)
  object space 21504K, 23% used [0x00000006f4e00000,0x00000006f52f5cf8,0x00000006f6300000)
Event: 5.386 GC heap after
Heap after GC invocations=4 (full 0):
 PSYoungGen      total 404992K, used 15857K [0x00000007a8a80000, 0x00000007c2580000, 0x0000000800000000)
  eden space 389120K, 0% used [0x00000007a8a80000,0x00000007a8a80000,0x00000007c0680000)
  from space 15872K, 99% used [0x00000007c1600000,0x00000007c257c6e0,0x00000007c2580000)
  to   space 15872K, 0% used [0x00000007c0680000,0x00000007c0680000,0x00000007c1600000)
 ParOldGen       total 257024K, used 2476K [0x00000006fa000000, 0x0000000709b00000, 0x00000007a8a80000)
  object space 257024K, 0% used [0x00000006fa000000,0x00000006fa26b3f8,0x0000000709b00000)
 PSPermGen       total 21504K, used 5079K [0x00000006f4e00000, 0x00000006f6300000, 0x00000006fa000000)
  object space 21504K, 23% used [0x00000006f4e00000,0x00000006f52f5cf8,0x00000006f6300000)
}
Event: 5.839 GC heap before
{Heap before GC invocations=5 (full 0):
 PSYoungGen      total 404992K, used 404977K [0x00000007a8a80000, 0x00000007c2580000, 0x0000000800000000)
  eden space 389120K, 100% used [0x00000007a8a80000,0x00000007c0680000,0x00000007c0680000)
  from space 15872K, 99% used [0x00000007c1600000,0x00000007c257c6e0,0x00000007c2580000)
  to   space 15872K, 0% used [0x00000007c0680000,0x00000007c0680000,0x00000007c1600000)
 ParOldGen       total 257024K, used 2476K [0x00000006fa000000, 0x0000000709b00000, 0x00000007a8a80000)
  object space 257024K, 0% used [0x00000006fa000000,0x00000006fa26b3f8,0x0000000709b00000)
 PSPermGen       total 21504K, used 5079K [0x00000006f4e00000, 0x00000006f6300000, 0x00000006fa000000)
  object space 21504K, 23% used [0x00000006f4e00000,0x00000006f52f5cf8,0x00000006f6300000)
Event: 5.910 GC heap after
Heap after GC invocations=5 (full 0):
 PSYoungGen      total 404992K, used 15681K [0x00000007a8a80000, 0x00000007da680000, 0x0000000800000000)
  eden space 389120K, 0% used [0x00000007a8a80000,0x00000007a8a80000,0x00000007c0680000)
  from space 15872K, 98% used [0x00000007c0680000,0x00000007c15d06d0,0x00000007c1600000)
  to   space 18432K, 0% used [0x00000007d9480000,0x00000007d9480000,0x00000007da680000)
 ParOldGen       total 257024K, used 2476K [0x00000006fa000000, 0x0000000709b00000, 0x00000007a8a80000)
  object space 257024K, 0% used [0x00000006fa000000,0x00000006fa26b3f8,0x0000000709b00000)
 PSPermGen       total 21504K, used 5079K [0x00000006f4e00000, 0x00000006f6300000, 0x00000006fa000000)
  object space 21504K, 23% used [0x00000006f4e00000,0x00000006f52f5cf8,0x00000006f6300000)
}
Event: 6.260 GC heap before
{Heap before GC invocations=6 (full 0):
 PSYoungGen      total 404992K, used 404801K [0x00000007a8a80000, 0x00000007da680000, 0x0000000800000000)
  eden space 389120K, 100% used [0x00000007a8a80000,0x00000007c0680000,0x00000007c0680000)
  from space 15872K, 98% used [0x00000007c0680000,0x00000007c15d06d0,0x00000007c1600000)
  to   space 18432K, 0% used [0x00000007d9480000,0x00000007d9480000,0x00000007da680000)
 ParOldGen       total 257024K, used 2476K [0x00000006fa000000, 0x0000000709b00000, 0x00000007a8a80000)
  object space 257024K, 0% used [0x00000006fa000000,0x00000006fa26b3f8,0x0000000709b00000)
 PSPermGen       total 21504K, used 5079K [0x00000006f4e00000, 0x00000006f6300000, 0x00000006fa000000)
  object space 21504K, 23% used [0x00000006f4e00000,0x00000006f52f5cf8,0x00000006f6300000)
Event: 6.321 GC heap after
Heap after GC invocations=6 (full 0):
 PSYoungGen      total 796672K, used 15761K [0x00000007a8a80000, 0x00000007da680000, 0x0000000800000000)
  eden space 778240K, 0% used [0x00000007a8a80000,0x00000007a8a80000,0x00000007d8280000)
  from space 18432K, 85% used [0x00000007d9480000,0x00000007da3e46c0,0x00000007da680000)
  to   space 18432K, 0% used [0x00000007d8280000,0x00000007d8280000,0x00000007d9480000)
 ParOldGen       total 257024K, used 2484K [0x00000006fa000000, 0x0000000709b00000, 0x00000007a8a80000)
  object space 257024K, 0% used [0x00000006fa000000,0x00000006fa26d3f8,0x0000000709b00000)
 PSPermGen       total 21504K, used 5079K [0x00000006f4e00000, 0x00000006f6300000, 0x00000006fa000000)
  object space 21504K, 23% used [0x00000006f4e00000,0x00000006f52f5cf8,0x00000006f6300000)
}
Event: 7.798 GC heap before
{Heap before GC invocations=7 (full 0):
 PSYoungGen      total 796672K, used 794001K [0x00000007a8a80000, 0x00000007da680000, 0x0000000800000000)
  eden space 778240K, 100% used [0x00000007a8a80000,0x00000007d8280000,0x00000007d8280000)
  from space 18432K, 85% used [0x00000007d9480000,0x00000007da3e46c0,0x00000007da680000)
  to   space 18432K, 0% used [0x00000007d8280000,0x00000007d8280000,0x00000007d9480000)
 ParOldGen       total 257024K, used 2484K [0x00000006fa000000, 0x0000000709b00000, 0x00000007a8a80000)
  object space 257024K, 0% used [0x00000006fa000000,0x00000006fa26d3f8,0x0000000709b00000)
 PSPermGen       total 21504K, used 5079K [0x00000006f4e00000, 0x00000006f6300000, 0x00000006fa000000)
  object space 21504K, 23% used [0x00000006f4e00000,0x00000006f52f5da0,0x00000006f6300000)

